<?xml version="1.0" encoding="UTF-8"?>
<!-- Generated by org.testng.reporters.JUnitReportReporter -->
<testsuite hostname="DESKTOP-OP86SSF" failures="0" tests="5" name="testCases.VerifyMultiple_Credentials_Test" time="42.504" errors="0" timestamp="2023-12-16T16:14:56 IST" skipped="0">
  <testcase classname="testCases.VerifyMultiple_Credentials_Test" name="logintoAppWithmultiCredsTest" time="8.505"/>
  <system-out/>
  <testcase classname="testCases.VerifyMultiple_Credentials_Test" name="logintoAppWithmultiCredsTest" time="7.424"/>
  <system-out/>
  <testcase classname="testCases.VerifyMultiple_Credentials_Test" name="logintoAppWithmultiCredsTest" time="12.102"/>
  <system-out/>
  <testcase classname="testCases.VerifyMultiple_Credentials_Test" name="logintoAppWithmultiCredsTest" time="7.450"/>
  <system-out/>
  <testcase classname="testCases.VerifyMultiple_Credentials_Test" name="logintoAppWithmultiCredsTest" time="7.023"/>
  <system-out/>
</testsuite> <!-- testCases.VerifyMultiple_Credentials_Test -->
