<?xml version="1.0" encoding="UTF-8"?>
<!-- Generated by org.testng.reporters.JUnitReportReporter -->
<testsuite hostname="DESKTOP-OP86SSF" failures="0" tests="12" name="testCases.Checkout_page_2_Test" time="139.329" errors="0" timestamp="2023-12-16T16:14:56 IST" skipped="0">
  <testcase classname="testCases.Checkout_page_2_Test" name="VerifyCheckoverviewTest" time="11.370"/>
  <system-out>
    <![CDATA[Verify Checkoverview text =Checkout: Overview]]>
  </system-out>
  <testcase classname="testCases.Checkout_page_2_Test" name="VerifyPriceTotalTest" time="12.714"/>
  <system-out>
    <![CDATA[Price Total Text =Price Total]]>
  </system-out>
  <testcase classname="testCases.Checkout_page_2_Test" name="VerifyTotalPriceTest" time="11.906"/>
  <system-out>
    <![CDATA[Total Text =Total: $43.18]]>
  </system-out>
  <testcase classname="testCases.Checkout_page_2_Test" name="VerifyDescriptextTest" time="11.330"/>
  <system-out>
    <![CDATA[Verify Description text =Description]]>
  </system-out>
  <testcase classname="testCases.Checkout_page_2_Test" name="VerifyCancelBtnTest" time="11.833"/>
  <system-out>
    <![CDATA[URL after clicking on Cancel Button =https://www.saucedemo.com/inventory.html]]>
  </system-out>
  <testcase classname="testCases.Checkout_page_2_Test" name="Verifyitem1inchkpageTest" time="11.250"/>
  <system-out>
    <![CDATA[Item present in Checkout page 2=true]]>
  </system-out>
  <testcase classname="testCases.Checkout_page_2_Test" name="Checkoutpage2Test" time="11.635"/>
  <system-out>
    <![CDATA[URL of the checkoutpage 2 =https://www.saucedemo.com/checkout-step-two.html]]>
  </system-out>
  <testcase classname="testCases.Checkout_page_2_Test" name="VerifyFinishBtnTest" time="11.465"/>
  <system-out>
    <![CDATA[URL of the Finish Page =https://www.saucedemo.com/checkout-complete.html]]>
  </system-out>
  <testcase classname="testCases.Checkout_page_2_Test" name="VerifyQTYtextTest" time="12.021"/>
  <system-out>
    <![CDATA[Verify QTY text =QTY]]>
  </system-out>
  <testcase classname="testCases.Checkout_page_2_Test" name="VerifyShippinginfoTest" time="11.305"/>
  <system-out>
    <![CDATA[Shipping Information Text =Shipping Information]]>
  </system-out>
  <testcase classname="testCases.Checkout_page_2_Test" name="VerifySaucecardinfoTest" time="11.446"/>
  <system-out>
    <![CDATA[Saucecardinfo Text =SauceCard #31337]]>
  </system-out>
  <testcase classname="testCases.Checkout_page_2_Test" name="VerifyPaymentinfotextTest" time="11.054"/>
  <system-out>
    <![CDATA[Payment Information Text =Payment Information]]>
  </system-out>
</testsuite> <!-- testCases.Checkout_page_2_Test -->
