<?xml version="1.0" encoding="UTF-8"?>
<!-- Generated by org.testng.reporters.JUnitReportReporter -->
<testsuite hostname="DESKTOP-OP86SSF" failures="0" tests="3" name="testCases.LoginPageTest" time="23.333" errors="0" timestamp="2023-12-16T16:14:56 IST" skipped="0">
  <testcase classname="testCases.LoginPageTest" name="verifyURlofApplication" time="6.634"/>
  <system-out/>
  <testcase classname="testCases.LoginPageTest" name="loginToApplicationTest" time="8.852"/>
  <system-out/>
  <testcase classname="testCases.LoginPageTest" name="verifytitleofApplicationTest" time="7.847"/>
  <system-out/>
</testsuite> <!-- testCases.LoginPageTest -->
