<?xml version="1.0" encoding="UTF-8"?>
<!-- Generated by org.testng.reporters.JUnitReportReporter -->
<testsuite hostname="DESKTOP-OP86SSF" failures="0" tests="5" name="testCases.Complete_page_Test" time="56.652" errors="0" timestamp="2023-12-16T16:14:56 IST" skipped="0">
  <testcase classname="testCases.Complete_page_Test" name="VerifyThankyoumsgTest" time="11.579"/>
  <system-out>
    <![CDATA[Verify Thankyou msg Text = Thank you for your order!]]>
  </system-out>
  <testcase classname="testCases.Complete_page_Test" name="VerifyCheckoutCompleteTest" time="11.414"/>
  <system-out>
    <![CDATA[Verify Checkout Complete Text = Checkout: Complete!]]>
  </system-out>
  <testcase classname="testCases.Complete_page_Test" name="VerifyCompTickimgTest" time="11.081"/>
  <system-out>
    <![CDATA[Complete Tick is Verified+true]]>
  </system-out>
  <testcase classname="testCases.Complete_page_Test" name="BacktoHomebtnTest" time="11.555"/>
  <system-out>
    <![CDATA[Backto Home btn working= https://www.saucedemo.com/inventory.html]]>
  </system-out>
  <testcase classname="testCases.Complete_page_Test" name="VerifydispatchMsgTest" time="11.023"/>
  <system-out>
    <![CDATA[Verify dispatch Msg text = Your order has been dispatched, and will arrive just as fast as the pony can get there!]]>
  </system-out>
</testsuite> <!-- testCases.Complete_page_Test -->
